{"level":"info","message":"Server running on port 4351","timestamp":"2025-01-24T02:57:55.403Z"}
{"level":"info","message":"Server running on port 4351","timestamp":"2025-01-24T02:59:58.634Z"}
{"level":"info","message":"[POST] /tweet - Body: undefined","timestamp":"2025-01-24T03:00:09.568Z"}
{"body":{"text":"Testing X API for tweeting"},"level":"info","message":"Tweet Endpoint Accessed","timestamp":"2025-01-24T03:00:09.589Z"}
{"body":{"text":"Testing X API for tweeting"},"error":"Request failed with code 403","level":"error","message":"Tweet Creation Failed","stack":"Error: Request failed with code 403\n    at RequestHandlerHelper.createResponseError (/Users/henryjohntech/Documents/Builds/backendProjects/x-tweet-api/node_modules/twitter-api-v2/dist/cjs/client-mixins/request-handler.helper.js:104:16)\n    at RequestHandlerHelper.onResponseEndHandler (/Users/henryjohntech/Documents/Builds/backendProjects/x-tweet-api/node_modules/twitter-api-v2/dist/cjs/client-mixins/request-handler.helper.js:262:25)\n    at Gunzip.emit (node:events:514:28)\n    at endReadableNT (node:internal/streams/readable:1376:12)\n    at process.processTicksAndRejections (node:internal/process/task_queues:82:21)","timestamp":"2025-01-24T03:00:10.212Z"}
{"level":"info","message":"Server running on port 4351","timestamp":"2025-01-24T10:20:29.157Z"}
{"level":"info","message":"[POST] /tweet - Body: undefined","timestamp":"2025-01-24T10:20:44.023Z"}
{"body":{"text":"Testing X API for tweeting"},"level":"info","message":"Tweet Endpoint Accessed","timestamp":"2025-01-24T10:20:44.115Z"}
{"level":"info","message":"Tweet Successfully Posted","timestamp":"2025-01-24T10:20:44.987Z","tweetId":"1882735280630771750"}
{"level":"info","message":"[POST] /tweet - Body: undefined","timestamp":"2025-01-24T10:29:28.838Z"}
{"body":{"text":"Testing X API for tweeting"},"file":{"destination":"uploads/","encoding":"7bit","fieldname":"media","filename":"234ec039a9b56e052af5947b4d05b467","mimetype":"image/jpeg","originalname":"solana_development.jpg","path":"uploads/234ec039a9b56e052af5947b4d05b467","size":63886},"level":"info","message":"Tweet Endpoint Accessed","timestamp":"2025-01-24T10:29:28.865Z"}
{"level":"info","message":"Tweet Successfully Posted","timestamp":"2025-01-24T10:29:32.721Z","tweetId":"1882737493503627548"}
{"level":"info","message":"[POST] /tweet - Body: undefined","timestamp":"2025-01-24T10:44:27.841Z"}
{"body":{"text":"Testing X API for tweeting with GIF"},"file":{"destination":"uploads/","encoding":"7bit","fieldname":"media","filename":"766f1adc2ad03027c77e10967245e949","mimetype":"image/gif","originalname":"solana Judo.gif","path":"uploads/766f1adc2ad03027c77e10967245e949","size":857484},"level":"info","message":"Tweet Endpoint Accessed","timestamp":"2025-01-24T10:44:27.902Z"}
{"level":"info","message":"Tweet Successfully Posted","timestamp":"2025-01-24T10:44:33.123Z","tweetId":"1882741270327558226"}
{"level":"info","message":"[POST] /auth/twitter/ - Body: undefined","timestamp":"2025-01-24T10:57:08.800Z"}
{"level":"info","message":"[POST] /auth/twitter - Body: undefined","timestamp":"2025-01-24T10:57:16.572Z"}
{"level":"info","message":"[GET] /auth/twitter - Body: undefined","timestamp":"2025-01-24T10:57:47.861Z"}
{"level":"info","message":"Initiating Twitter OAuth Authentication","timestamp":"2025-01-24T10:57:47.865Z"}
{"error":"Request failed with code 403","level":"error","message":"Twitter Authentication Failed","stack":"Error: Request failed with code 403\n    at RequestHandlerHelper.createResponseError (/Users/henryjohntech/Documents/Builds/backendProjects/x-tweet-api/node_modules/twitter-api-v2/dist/cjs/client-mixins/request-handler.helper.js:104:16)\n    at RequestHandlerHelper.onResponseEndHandler (/Users/henryjohntech/Documents/Builds/backendProjects/x-tweet-api/node_modules/twitter-api-v2/dist/cjs/client-mixins/request-handler.helper.js:262:25)\n    at Gunzip.emit (node:events:514:28)\n    at endReadableNT (node:internal/streams/readable:1376:12)\n    at process.processTicksAndRejections (node:internal/process/task_queues:82:21)","timestamp":"2025-01-24T10:57:49.119Z"}
{"level":"info","message":"[GET] /auth/twitter - Body: undefined","timestamp":"2025-01-24T11:06:00.388Z"}
{"level":"info","message":"Initiating Twitter OAuth Authentication","timestamp":"2025-01-24T11:06:00.402Z"}
{"error":"Request failed with code 403","level":"error","message":"Twitter Authentication Failed","stack":"Error: Request failed with code 403\n    at RequestHandlerHelper.createResponseError (/Users/henryjohntech/Documents/Builds/backendProjects/x-tweet-api/node_modules/twitter-api-v2/dist/cjs/client-mixins/request-handler.helper.js:104:16)\n    at RequestHandlerHelper.onResponseEndHandler (/Users/henryjohntech/Documents/Builds/backendProjects/x-tweet-api/node_modules/twitter-api-v2/dist/cjs/client-mixins/request-handler.helper.js:262:25)\n    at Gunzip.emit (node:events:514:28)\n    at endReadableNT (node:internal/streams/readable:1376:12)\n    at process.processTicksAndRejections (node:internal/process/task_queues:82:21)","timestamp":"2025-01-24T11:06:01.630Z"}
{"level":"info","message":"[GET] /auth/twitter - Body: undefined","timestamp":"2025-01-24T11:06:04.084Z"}
{"level":"info","message":"Initiating Twitter OAuth Authentication","timestamp":"2025-01-24T11:06:04.085Z"}
{"error":"Request failed with code 403","level":"error","message":"Twitter Authentication Failed","stack":"Error: Request failed with code 403\n    at RequestHandlerHelper.createResponseError (/Users/henryjohntech/Documents/Builds/backendProjects/x-tweet-api/node_modules/twitter-api-v2/dist/cjs/client-mixins/request-handler.helper.js:104:16)\n    at RequestHandlerHelper.onResponseEndHandler (/Users/henryjohntech/Documents/Builds/backendProjects/x-tweet-api/node_modules/twitter-api-v2/dist/cjs/client-mixins/request-handler.helper.js:262:25)\n    at Gunzip.emit (node:events:514:28)\n    at endReadableNT (node:internal/streams/readable:1376:12)\n    at process.processTicksAndRejections (node:internal/process/task_queues:82:21)","timestamp":"2025-01-24T11:06:04.703Z"}
{"level":"info","message":"[GET] /auth/twitter - Body: undefined","timestamp":"2025-01-24T11:06:13.562Z"}
{"level":"info","message":"Initiating Twitter OAuth Authentication","timestamp":"2025-01-24T11:06:13.563Z"}
{"error":"Request failed with code 403","level":"error","message":"Twitter Authentication Failed","stack":"Error: Request failed with code 403\n    at RequestHandlerHelper.createResponseError (/Users/henryjohntech/Documents/Builds/backendProjects/x-tweet-api/node_modules/twitter-api-v2/dist/cjs/client-mixins/request-handler.helper.js:104:16)\n    at RequestHandlerHelper.onResponseEndHandler (/Users/henryjohntech/Documents/Builds/backendProjects/x-tweet-api/node_modules/twitter-api-v2/dist/cjs/client-mixins/request-handler.helper.js:262:25)\n    at Gunzip.emit (node:events:514:28)\n    at endReadableNT (node:internal/streams/readable:1376:12)\n    at process.processTicksAndRejections (node:internal/process/task_queues:82:21)","timestamp":"2025-01-24T11:06:14.022Z"}
{"level":"info","message":"Server running on port 4351","timestamp":"2025-01-24T11:07:56.837Z"}
{"level":"info","message":"Server running on port 4351","timestamp":"2025-01-24T11:08:00.870Z"}
{"level":"info","message":"Server running on port 4351","timestamp":"2025-01-24T11:08:01.751Z"}
{"level":"info","message":"Server running on port 4351","timestamp":"2025-01-24T11:08:06.121Z"}
{"level":"info","message":"[GET] /auth/twitter - Body: undefined","timestamp":"2025-01-24T11:10:54.100Z"}
{"level":"info","message":"Initiating Twitter OAuth Authentication","timestamp":"2025-01-24T11:10:54.115Z"}
{"error":"Request failed with code 403","level":"error","message":"Twitter Authentication Failed","stack":"Error: Request failed with code 403\n    at RequestHandlerHelper.createResponseError (/Users/henryjohntech/Documents/Builds/backendProjects/x-tweet-api/node_modules/twitter-api-v2/dist/cjs/client-mixins/request-handler.helper.js:104:16)\n    at RequestHandlerHelper.onResponseEndHandler (/Users/henryjohntech/Documents/Builds/backendProjects/x-tweet-api/node_modules/twitter-api-v2/dist/cjs/client-mixins/request-handler.helper.js:262:25)\n    at Gunzip.emit (node:events:514:28)\n    at endReadableNT (node:internal/streams/readable:1376:12)\n    at process.processTicksAndRejections (node:internal/process/task_queues:82:21)","timestamp":"2025-01-24T11:10:54.846Z"}
{"level":"info","message":"Server running on port 4351","timestamp":"2025-01-24T11:11:40.291Z"}
{"level":"info","message":"[POST] /tweet - Body: undefined","timestamp":"2025-01-24T11:11:47.968Z"}
{"body":{"text":"Testing X API for tweeting with GIF"},"file":{"destination":"uploads/","encoding":"7bit","fieldname":"media","filename":"58b81313fdb66872beb3ccb52cf18779","mimetype":"video/mp4","originalname":"WhatsApp Video 2025-01-24 at 11.53.07 AM.mp4","path":"uploads/58b81313fdb66872beb3ccb52cf18779","size":1493400},"level":"info","message":"Tweet Endpoint Accessed","timestamp":"2025-01-24T11:11:48.016Z"}
{"level":"info","message":"Tweet Successfully Posted","timestamp":"2025-01-24T11:12:04.068Z","tweetId":"1882748194930491397"}
{"level":"info","message":"Server running on port 4351","timestamp":"2025-01-24T11:51:37.235Z"}
{"level":"info","message":"[POST] /tweet - Body: undefined","timestamp":"2025-01-24T11:51:45.376Z"}
{"body":{"text":"Testing X API for tweeting with GIF"},"file":{"destination":"uploads/","encoding":"7bit","fieldname":"media","filename":"09ffb5721f2ef622ccc2192e656a3617","mimetype":"video/mp4","originalname":"WhatsApp Video 2025-01-24 at 11.53.07 AM.mp4","path":"uploads/09ffb5721f2ef622ccc2192e656a3617","size":1493400},"level":"info","message":"Tweet Endpoint Accessed","timestamp":"2025-01-24T11:51:45.461Z"}
{"level":"info","message":"[POST] /tweet - Body: undefined","timestamp":"2025-01-24T11:52:49.987Z"}
{"body":{"text":"Testing X API for tweeting with GIF"},"file":{"destination":"uploads/","encoding":"7bit","fieldname":"media","filename":"35c775081bd3e6df19202307ff599635","mimetype":"video/mp4","originalname":"WhatsApp Video 2025-01-24 at 11.53.07 AM.mp4","path":"uploads/35c775081bd3e6df19202307ff599635","size":1493400},"level":"info","message":"Tweet Endpoint Accessed","timestamp":"2025-01-24T11:52:50.016Z"}
{"level":"info","message":"Tweet Successfully Posted","timestamp":"2025-01-24T11:53:00.662Z","tweetId":"1882758495822389482"}
{"level":"info","message":"Tweet Successfully Posted","timestamp":"2025-01-24T11:53:13.633Z","tweetId":"1882758552407638404"}
{"level":"info","message":"Server running on port 4351","timestamp":"2025-01-26T20:37:02.071Z"}
{"level":"info","message":"[POST] /tweet - Body: undefined","timestamp":"2025-01-26T20:38:41.959Z"}
{"body":{"text":"Testing X API for tweeting with GIF"},"file":{"destination":"uploads/","encoding":"7bit","fieldname":"media","filename":"e7fe40f7985db6ed236dd14201380929","mimetype":"video/mp4","originalname":"WhatsApp Video 2025-01-24 at 11.53.07 AM.mp4","path":"uploads/e7fe40f7985db6ed236dd14201380929","size":1493400},"level":"info","message":"Tweet Endpoint Accessed","timestamp":"2025-01-26T20:38:42.008Z"}
{"level":"info","message":"Tweet Successfully Posted","timestamp":"2025-01-26T20:38:56.855Z","tweetId":"1883615631469138358"}
{"level":"info","message":"Server running on port 4951","timestamp":"2025-02-19T17:29:59.014Z"}
{"level":"info","message":"Server running on port 4951","timestamp":"2025-02-19T17:30:03.300Z"}
{"level":"info","message":"Server running on port 4951","timestamp":"2025-02-19T17:30:29.993Z"}
{"level":"info","message":"Server running on port 4951","timestamp":"2025-02-19T17:41:32.566Z"}
{"level":"info","message":"Server running on port 4951","timestamp":"2025-02-19T17:41:38.106Z"}
{"level":"info","message":"[POST] /tweet - Body: undefined","timestamp":"2025-02-19T17:48:44.551Z"}
{"body":{"text":"Testing X API for tweeting with GIF"},"file":{"destination":"uploads/","encoding":"7bit","fieldname":"media","filename":"aa7878e394dd4f8db0d7b12851578a4d","mimetype":"image/jpeg","originalname":"SocialDefiningLuxury.jpg","path":"uploads/aa7878e394dd4f8db0d7b12851578a4d","size":159574},"level":"info","message":"Tweet Endpoint Accessed","timestamp":"2025-02-19T17:48:44.600Z"}
{"level":"info","message":"Tweet Successfully Posted","timestamp":"2025-02-19T17:48:49.890Z","tweetId":"1892270129678860572"}
{"level":"info","message":"Server running on port 4951","timestamp":"2025-02-19T17:54:17.992Z"}
{"level":"info","message":"Server running on port 4951","timestamp":"2025-02-19T18:03:08.628Z"}
{"level":"info","message":"Server running on port 4951","timestamp":"2025-02-19T18:07:42.440Z"}
{"level":"info","message":"Server running on port 4951","timestamp":"2025-02-19T18:09:25.329Z"}
{"level":"info","message":"[POST] /tweet - Body: undefined","timestamp":"2025-02-19T18:10:10.296Z"}
{"body":{"text":"Testing X API for tweeting with GIF"},"file":{"destination":"uploads/","encoding":"7bit","fieldname":"media","filename":"a90127a9c22f8578a87d6d69b37b7123","mimetype":"image/jpeg","originalname":"SocialDefiningLuxury.jpg","path":"uploads/a90127a9c22f8578a87d6d69b37b7123","size":159574},"level":"info","message":"Tweet Endpoint Accessed","timestamp":"2025-02-19T18:10:10.345Z"}
{"level":"info","message":"Tweet Successfully Posted","timestamp":"2025-02-19T18:11:16.858Z","tweetId":"1892275778529673350"}
{"level":"info","mediaPath":"uploads/a90127a9c22f8578a87d6d69b37b7123","mediaType":"image/jpeg","message":"Tweet from queue posted","text":"Testing X API for tweeting with GIF","timestamp":"2025-02-19T18:11:16.879Z","tweetId":"1892275778529673350"}
{"level":"info","message":"Server running on port 4951","timestamp":"2025-02-19T18:17:00.567Z"}
{"level":"info","message":"Server running on port 4951","timestamp":"2025-02-19T18:17:31.308Z"}
{"level":"info","message":"[POST] /tweet - Body: undefined","timestamp":"2025-02-19T18:17:34.413Z"}
{"body":{"text":"Testing X API for tweeting with GIF"},"file":{"destination":"uploads/","encoding":"7bit","fieldname":"media","filename":"d2e7c30e97e73d6126aea53c8bb70c51","mimetype":"image/jpeg","originalname":"SocialDefiningLuxury.jpg","path":"uploads/d2e7c30e97e73d6126aea53c8bb70c51","size":159574},"level":"info","message":"Tweet Endpoint Accessed","timestamp":"2025-02-19T18:17:34.451Z"}
{"level":"info","message":"Tweet Successfully Posted","timestamp":"2025-02-19T18:18:38.321Z","tweetId":"1892277629169914275"}
{"level":"info","mediaPath":"uploads/d2e7c30e97e73d6126aea53c8bb70c51","mediaType":"image/jpeg","message":"Tweet from queue posted","text":"Testing X API for tweeting with GIF","timestamp":"2025-02-19T18:18:38.322Z","tweetId":"1892277629169914275"}
{"level":"info","message":"[POST] /tweet - Body: undefined","timestamp":"2025-02-19T18:19:54.417Z"}
{"body":{"text":"Testing X API for tweeting with GIF"},"file":{"destination":"uploads/","encoding":"7bit","fieldname":"media","filename":"16eb21d039db2350e868eefdebff8bd1","mimetype":"image/jpeg","originalname":"SocialDefiningLuxury.jpg","path":"uploads/16eb21d039db2350e868eefdebff8bd1","size":159574},"level":"info","message":"Tweet Endpoint Accessed","timestamp":"2025-02-19T18:19:54.443Z"}
{"level":"info","message":"Tweet Successfully Posted","timestamp":"2025-02-19T18:20:58.907Z","tweetId":"1892278218859626672"}
{"level":"info","mediaPath":"uploads/16eb21d039db2350e868eefdebff8bd1","mediaType":"image/jpeg","message":"Tweet from queue posted","text":"Testing X API for tweeting with GIF","timestamp":"2025-02-19T18:20:58.911Z","tweetId":"1892278218859626672"}
{"level":"info","message":"Server running on port 4951","timestamp":"2025-02-19T18:23:07.357Z"}
{"level":"info","message":"[POST] /tweet - Body: undefined","timestamp":"2025-02-19T18:23:54.156Z"}
{"body":{"text":"Testing X API for tweeting with GIF"},"file":{"destination":"uploads/","encoding":"7bit","fieldname":"media","filename":"2e03ec787fcc47f27db98b189fa3d045","mimetype":"image/jpeg","originalname":"SocialDefiningLuxury.jpg","path":"uploads/2e03ec787fcc47f27db98b189fa3d045","size":159574},"level":"info","message":"Tweet Endpoint Accessed","timestamp":"2025-02-19T18:23:54.301Z"}
{"level":"info","message":"[POST] /tweet - Body: undefined","timestamp":"2025-02-19T18:24:27.329Z"}
{"body":{"text":"Testing X API for tweeting with Images Beatiful houses"},"file":{"destination":"uploads/","encoding":"7bit","fieldname":"media","filename":"5b5fdba85436606ce6f1d9918655e7b4","mimetype":"image/jpeg","originalname":"Luxury-house-design-Top-10-tips-to-add-luxury-to-your-house-FEATURE-compressed.jpg","path":"uploads/5b5fdba85436606ce6f1d9918655e7b4","size":192153},"level":"info","message":"Tweet Endpoint Accessed","timestamp":"2025-02-19T18:24:27.349Z"}
{"level":"info","message":"[POST] /tweet - Body: undefined","timestamp":"2025-02-19T18:24:45.130Z"}
{"body":{"text":"Testing X API for tweeting with Images Beatiful houses - 02"},"file":{"destination":"uploads/","encoding":"7bit","fieldname":"media","filename":"71e464b87be94b25e7b5a3f158102eaf","mimetype":"image/webp","originalname":"22b4d9kgjyqlw17wv8f.webp","path":"uploads/71e464b87be94b25e7b5a3f158102eaf","size":508150},"level":"info","message":"Tweet Endpoint Accessed","timestamp":"2025-02-19T18:24:45.147Z"}
{"level":"info","message":"Server running on port 4951","timestamp":"2025-02-19T18:26:50.066Z"}
{"level":"info","message":"[POST] /tweet - Body: undefined","timestamp":"2025-02-19T18:27:28.956Z"}
{"body":{"text":"Testing X API | Beatiful Houses 01"},"file":{"destination":"uploads/","encoding":"7bit","fieldname":"media","filename":"b7c944f5fd64241e5148c56720821f39","mimetype":"image/webp","originalname":"22b4d9kgjyqlw17wv8f.webp","path":"uploads/b7c944f5fd64241e5148c56720821f39","size":508150},"level":"info","message":"Tweet Endpoint Accessed","timestamp":"2025-02-19T18:27:29.006Z"}
{"level":"info","message":"[POST] /tweet - Body: undefined","timestamp":"2025-02-19T18:27:41.859Z"}
{"body":{"text":"Testing X API | Beatiful Houses 01"},"file":{"destination":"uploads/","encoding":"7bit","fieldname":"media","filename":"342a919f59aafab0b8e7c9a00ceb31d8","mimetype":"image/jpeg","originalname":"1_dXqlLsZjfFwfAW-jyWGmxw.jpg","path":"uploads/342a919f59aafab0b8e7c9a00ceb31d8","size":153757},"level":"info","message":"Tweet Endpoint Accessed","timestamp":"2025-02-19T18:27:41.874Z"}
{"level":"info","message":"[POST] /tweet - Body: undefined","timestamp":"2025-02-19T18:27:53.975Z"}
{"body":{"text":"Testing X API | Beatiful Houses 02"},"file":{"destination":"uploads/","encoding":"7bit","fieldname":"media","filename":"af82bb92a58e316beb957d6caff27ab7","mimetype":"image/jpeg","originalname":"SocialDefiningLuxury.jpg","path":"uploads/af82bb92a58e316beb957d6caff27ab7","size":159574},"level":"info","message":"Tweet Endpoint Accessed","timestamp":"2025-02-19T18:27:53.995Z"}
{"level":"info","message":"[POST] /tweet - Body: undefined","timestamp":"2025-02-19T18:28:03.532Z"}
{"body":{"text":"Testing X API | Beatiful Houses 03"},"file":{"destination":"uploads/","encoding":"7bit","fieldname":"media","filename":"a5d5db80f7db6eaa6daabceefe3a5994","mimetype":"image/jpeg","originalname":"SocialDefiningLuxury.jpg","path":"uploads/a5d5db80f7db6eaa6daabceefe3a5994","size":159574},"level":"info","message":"Tweet Endpoint Accessed","timestamp":"2025-02-19T18:28:03.557Z"}
{"level":"info","message":"[POST] /tweet - Body: undefined","timestamp":"2025-02-19T18:28:14.785Z"}
{"body":{"text":"Testing X API | Beatiful Houses 04"},"file":{"destination":"uploads/","encoding":"7bit","fieldname":"media","filename":"dac808d053d9584c741eacea9366c4d3","mimetype":"image/jpeg","originalname":"Luxury-house-design-Top-10-tips-to-add-luxury-to-your-house-FEATURE-compressed.jpg","path":"uploads/dac808d053d9584c741eacea9366c4d3","size":192153},"level":"info","message":"Tweet Endpoint Accessed","timestamp":"2025-02-19T18:28:14.801Z"}
{"level":"info","message":"Tweet Successfully Posted","timestamp":"2025-02-19T18:28:47.054Z","tweetId":"1892280182037188800"}
{"level":"info","mediaPath":"uploads/342a919f59aafab0b8e7c9a00ceb31d8","mediaType":"image/jpeg","message":"Tweet from queue posted","text":"Testing X API | Beatiful Houses 01","timestamp":"2025-02-19T18:28:47.055Z","tweetId":"1892280182037188800"}
{"level":"info","message":"Tweet Successfully Posted","timestamp":"2025-02-19T18:28:57.178Z","tweetId":"1892280224093548555"}
{"level":"info","mediaPath":"uploads/af82bb92a58e316beb957d6caff27ab7","mediaType":"image/jpeg","message":"Tweet from queue posted","text":"Testing X API | Beatiful Houses 02","timestamp":"2025-02-19T18:28:57.182Z","tweetId":"1892280224093548555"}
{"level":"info","message":"Tweet Successfully Posted","timestamp":"2025-02-19T18:29:06.545Z","tweetId":"1892280264144965765"}
{"level":"info","mediaPath":"uploads/a5d5db80f7db6eaa6daabceefe3a5994","mediaType":"image/jpeg","message":"Tweet from queue posted","text":"Testing X API | Beatiful Houses 03","timestamp":"2025-02-19T18:29:06.545Z","tweetId":"1892280264144965765"}
{"level":"info","message":"Tweet Successfully Posted","timestamp":"2025-02-19T18:29:17.681Z","tweetId":"1892280310953304227"}
{"level":"info","mediaPath":"uploads/dac808d053d9584c741eacea9366c4d3","mediaType":"image/jpeg","message":"Tweet from queue posted","text":"Testing X API | Beatiful Houses 04","timestamp":"2025-02-19T18:29:17.682Z","tweetId":"1892280310953304227"}
{"level":"info","message":"Server running on port 4951","timestamp":"2025-02-19T18:32:49.319Z"}
{"level":"info","message":"Server running on port 4951","timestamp":"2025-02-19T18:32:58.405Z"}
{"level":"info","message":"Server running on port 4951","timestamp":"2025-02-22T18:56:47.449Z"}
{"level":"info","message":"[POST] /tweet - Body: undefined","timestamp":"2025-02-22T18:58:20.994Z"}
{"body":{"text":"Testing X API | Beatiful Houses 01"},"file":{"destination":"uploads/","encoding":"7bit","fieldname":"media","filename":"3fc3869505037d7108b0667465812a86","mimetype":"image/jpeg","originalname":"1_dXqlLsZjfFwfAW-jyWGmxw.jpg","path":"uploads/3fc3869505037d7108b0667465812a86","size":153757},"level":"info","message":"Tweet Endpoint Accessed","timestamp":"2025-02-22T18:58:21.024Z"}
{"level":"info","message":"Tweet Successfully Posted","timestamp":"2025-02-22T18:59:33.644Z","tweetId":"1893375093000032669"}
{"level":"info","mediaPath":"uploads/3fc3869505037d7108b0667465812a86","mediaType":"image/jpeg","message":"Tweet from queue posted","text":"Testing X API | Beatiful Houses 01","timestamp":"2025-02-22T18:59:33.645Z","tweetId":"1893375093000032669"}
{"level":"info","message":"Server running on port 4951","timestamp":"2025-02-22T19:03:41.945Z"}
{"level":"info","message":"Server running on port 4951","timestamp":"2025-02-22T19:04:38.771Z"}
{"level":"info","message":"Server running on port 4951","timestamp":"2025-02-22T19:04:55.791Z"}
{"level":"info","message":"[DELETE] /delete - Body: undefined","timestamp":"2025-02-22T19:05:25.816Z"}
{"level":"info","message":"[DELETE] /tweet - Body: undefined","timestamp":"2025-02-22T19:05:41.517Z"}
{"level":"info","message":"Delete Last Tweet Endpoint Accessed","timestamp":"2025-02-22T19:05:41.519Z"}
{"error":"Request failed with code 400 - Invalid Request: One or more parameters to your request was invalid. (see https://api.twitter.com/2/problems/invalid-request)","level":"error","message":"Failed to Delete Last Tweet","stack":"Error: Request failed with code 400 - Invalid Request: One or more parameters to your request was invalid. (see https://api.twitter.com/2/problems/invalid-request)\n    at RequestHandlerHelper.createResponseError (/Users/henryjohntech/Documents/Builds/backendProjects/x-tweet-api/node_modules/twitter-api-v2/dist/cjs/client-mixins/request-handler.helper.js:104:16)\n    at RequestHandlerHelper.onResponseEndHandler (/Users/henryjohntech/Documents/Builds/backendProjects/x-tweet-api/node_modules/twitter-api-v2/dist/cjs/client-mixins/request-handler.helper.js:262:25)\n    at Gunzip.emit (node:events:514:28)\n    at endReadableNT (node:internal/streams/readable:1376:12)\n    at process.processTicksAndRejections (node:internal/process/task_queues:82:21)","timestamp":"2025-02-22T19:05:42.967Z"}
{"level":"info","message":"Server running on port 4951","timestamp":"2025-02-22T19:06:25.431Z"}
{"level":"info","message":"Server running on port 4951","timestamp":"2025-02-22T19:06:31.595Z"}
{"level":"info","message":"Server running on port 4951","timestamp":"2025-02-22T19:06:34.097Z"}
{"level":"info","message":"Server running on port 4951","timestamp":"2025-02-22T19:06:42.340Z"}
{"level":"info","message":"Server running on port 4951","timestamp":"2025-02-22T19:07:12.761Z"}
{"level":"info","message":"[DELETE] /tweet - Body: undefined","timestamp":"2025-02-22T19:07:17.276Z"}
{"level":"info","message":"Delete Last Tweet Endpoint Accessed","timestamp":"2025-02-22T19:07:17.283Z"}
{"error":"Request failed with code 429","level":"error","message":"Failed to Delete Last Tweet","stack":"Error: Request failed with code 429\n    at RequestHandlerHelper.createResponseError (/Users/henryjohntech/Documents/Builds/backendProjects/x-tweet-api/node_modules/twitter-api-v2/dist/cjs/client-mixins/request-handler.helper.js:104:16)\n    at RequestHandlerHelper.onResponseEndHandler (/Users/henryjohntech/Documents/Builds/backendProjects/x-tweet-api/node_modules/twitter-api-v2/dist/cjs/client-mixins/request-handler.helper.js:262:25)\n    at Gunzip.emit (node:events:514:28)\n    at endReadableNT (node:internal/streams/readable:1376:12)\n    at process.processTicksAndRejections (node:internal/process/task_queues:82:21)","timestamp":"2025-02-22T19:07:19.003Z"}
{"level":"info","message":"Server running on port 4951","timestamp":"2025-02-22T19:08:08.848Z"}
{"level":"info","message":"Server running on port 4951","timestamp":"2025-02-22T19:08:22.149Z"}
{"level":"info","message":"Server running on port 4951","timestamp":"2025-02-22T19:08:25.129Z"}
{"level":"info","message":"Server running on port 4951","timestamp":"2025-02-22T19:08:32.448Z"}
{"level":"info","message":"Server running on port 4951","timestamp":"2025-02-22T19:08:51.722Z"}
{"level":"info","message":"Server running on port 4951","timestamp":"2025-02-22T19:08:53.987Z"}
{"level":"info","message":"Server running on port 4951","timestamp":"2025-02-22T19:09:11.759Z"}
{"level":"info","message":"[POST] /tweet - Body: undefined","timestamp":"2025-02-22T19:12:37.178Z"}
{"body":{"text":"CHONK at the warzone"},"file":{"destination":"uploads/","encoding":"7bit","fieldname":"media","filename":"9a2872cca3c6eed1d314606f82feb407","mimetype":"image/jpeg","originalname":"WhatsApp Image 2025-02-21 at 7.12.25 PM.jpeg","path":"uploads/9a2872cca3c6eed1d314606f82feb407","size":135992},"level":"info","message":"Tweet Endpoint Accessed","timestamp":"2025-02-22T19:12:37.223Z"}
{"level":"info","message":"Tweet Successfully Posted","timestamp":"2025-02-22T19:17:42.105Z","tweetId":"1893379658982285812"}
{"level":"info","mediaPath":"uploads/9a2872cca3c6eed1d314606f82feb407","mediaType":"image/jpeg","message":"Tweet from queue posted","text":"CHONK at the warzone","timestamp":"2025-02-22T19:17:42.105Z","tweetId":"1893379658982285812"}
{"level":"info","message":"Server running on port 4951","timestamp":"2025-02-22T19:20:10.795Z"}
{"level":"info","message":"Server running on port 4951","timestamp":"2025-02-22T19:30:27.563Z"}
